#
# A fatal error has been detected by the Java Runtime Environment:
#
#  EXCEPTION_ACCESS_VIOLATION (0xc0000005) at pc=0x00007ffc2de99d8b, pid=14456, tid=27920
#
# JRE version: Java(TM) SE Runtime Environment 18.9 (11.0.13+10) (build 11.0.13+10-LTS-370)
# Java VM: Java HotSpot(TM) 64-Bit Server VM 18.9 (11.0.13+10-LTS-370, mixed mode, tiered, compressed oops, g1 gc, windows-amd64)
# Problematic frame:
# V  [jvm.dll+0x6a9d8b]
#
# No core dump will be written. Minidumps are not enabled by default on client versions of Windows
#
# If you would like to submit a bug report, please visit:
#   https://bugreport.java.com/bugreport/crash.jsp
#

---------------  S U M M A R Y ------------

Command Line: -agentlib:jdwp=transport=dt_socket,suspend=y,address=localhost:64596 -ea -javaagent:C:\Softwares\eclipse\configuration\org.eclipse.osgi\221\0\.cp\lib\javaagent-shaded.jar -Dfile.encoding=UTF-8 org.eclipse.jdt.internal.junit.runner.RemoteTestRunner -version 3 -port 64595 -testLoaderClass org.eclipse.jdt.internal.junit5.runner.JUnit5TestLoader -loaderpluginname org.eclipse.jdt.junit5.runtime -classNames com.numpyninja.lms.service.ProgBatchServiceTest

Host: 11th Gen Intel(R) Core(TM) i7-11390H @ 3.40GHz, 8 cores, 15G,  Windows 10 , 64 bit Build 22000 (10.0.22000.708)
Time: Wed Jun 22 16:23:07 2022 Eastern Daylight Time elapsed time: 965.966395 seconds (0d 0h 16m 5s)

---------------  T H R E A D  ---------------

Current thread (0x0000025aec06e800):  VMThread "VM Thread" [stack: 0x0000009d33100000,0x0000009d33200000] [id=27920]

Stack: [0x0000009d33100000,0x0000009d33200000],  sp=0x0000009d331fe9b0,  free space=1018k
Native frames: (J=compiled Java code, j=interpreted, Vv=VM code, C=native code)
V  [jvm.dll+0x6a9d8b]
V  [jvm.dll+0x316513]
V  [jvm.dll+0x318215]
V  [jvm.dll+0x318b0e]
V  [jvm.dll+0x31636c]
V  [jvm.dll+0x3155a2]
V  [jvm.dll+0x617c85]
V  [jvm.dll+0x617a0d]
V  [jvm.dll+0x5df243]
V  [jvm.dll+0x4eda11]
V  [jvm.dll+0x76a07c]
V  [jvm.dll+0x7683f7]
V  [jvm.dll+0x768c30]
V  [jvm.dll+0x768f47]
V  [jvm.dll+0x720a54]
V  [jvm.dll+0x627606]
C  [ucrtbase.dll+0x26c0c]
C  [KERNEL32.DLL+0x154e0]
C  [ntdll.dll+0x485b]


siginfo: EXCEPTION_ACCESS_VIOLATION (0xc0000005), reading address 0x0000000000000006


Register to memory mapping:

RIP=0x00007ffc2de99d8b jvm.dll
RAX=0x0000009d331fea50 points into unknown readable memory: 0x00000000460000a9 | a9 00 00 46 00 00 00 00
RBX=0x0000009d331fea20 points into unknown readable memory: 0x00007ffc2e05e2d8 | d8 e2 05 2e fc 7f 00 00
RCX=0x0 is NULL
RDX=0x0 is NULL
RSP=0x0000009d331fe9b0 points into unknown readable memory: 0x0000009d331fea20 | 20 ea 1f 33 9d 00 00 00
RBP=0x0000009d331fef70 points into unknown readable memory: 0x0000025aec02f6c8 | c8 f6 02 ec 5a 02 00 00
RSI=0x0 is NULL
RDI=0x0 is NULL
R8 =0x0 is NULL
R9 =0x0000025aee9a6830 is pointing into metadata
R10=0x00007ffc2d7f0000 jvm.dll
R11=0x0000009d331fee80 points into unknown readable memory: 0x0000009d331fef40 | 40 ef 1f 33 9d 00 00 00
R12=0x0000025aec02f3b0 points into unknown readable memory: 0x0000000000000000 | 00 00 00 00 00 00 00 00
R13=0x0 is NULL
R14=0x0000025aee9a7cd7 is pointing into metadata
R15=0x00000000000000c0 is an unknown value


Registers:
RAX=0x0000009d331fea50, RBX=0x0000009d331fea20, RCX=0x0000000000000000, RDX=0x0000000000000000
RSP=0x0000009d331fe9b0, RBP=0x0000009d331fef70, RSI=0x0000000000000000, RDI=0x0000000000000000
R8 =0x0000000000000000, R9 =0x0000025aee9a6830, R10=0x00007ffc2d7f0000, R11=0x0000009d331fee80
R12=0x0000025aec02f3b0, R13=0x0000000000000000, R14=0x0000025aee9a7cd7, R15=0x00000000000000c0
RIP=0x00007ffc2de99d8b, EFLAGS=0x0000000000010246

Top of Stack: (sp=0x0000009d331fe9b0)
0x0000009d331fe9b0:   0000009d331fea20 00007ffc2da2661e
0x0000009d331fe9c0:   0000000000000400 00007ffc2de9a31b
0x0000009d331fe9d0:   0000025ac7460000 0000009d331fecc9
0x0000009d331fe9e0:   0000000000000000 00007ffc2db06513
0x0000009d331fe9f0:   0000000000000000 0000009d331ff0e0
0x0000009d331fea00:   0000000000000023 0000025aeec24d3f
0x0000009d331fea10:   00007ffc2d7f0000 ffffffffffffffff
0x0000009d331fea20:   00007ffc2e05e2d8 0000000000000000
0x0000009d331fea30:   0000000000000000 00007ffc0000000c
0x0000009d331fea40:   0000009d331fea50 0000009d00000000
0x0000009d331fea50:   00000000460000a9 0000025aec02f3e8
0x0000009d331fea60:   4fffffff4fffffff 4fffffff4fffffff
0x0000009d331fea70:   4fffffff4fffffff 4fffffff4fffffff
0x0000009d331fea80:   000000004fffffff 00007ffc0000000c
0x0000009d331fea90:   0000009d331feab0 00007ffc00000006
0x0000009d331feaa0:   000000004600001f 0000000000000000 

Instructions: (pc=0x00007ffc2de99d8b)
0x00007ffc2de99d6b:   cc cc cc cc cc 40 53 48 83 ec 30 c7 41 10 00 00
0x00007ffc2de99d7b:   00 00 48 8b d9 48 89 7c 24 48 48 8b 79 08 33 c9
0x00007ffc2de99d8b:   80 7f 06 28 74 30 44 8d 41 35 c7 44 24 20 28 00
0x00007ffc2de99d9b:   00 00 b9 00 00 00 e0 4c 8d 0d 57 58 21 00 48 8d 


Stack slot to memory mapping:
stack at sp + 0 slots: 0x0000009d331fea20 points into unknown readable memory: 0x00007ffc2e05e2d8 | d8 e2 05 2e fc 7f 00 00
stack at sp + 1 slots: 0x00007ffc2da2661e jvm.dll
stack at sp + 2 slots: 0x0000000000000400 is an unknown value
stack at sp + 3 slots: 0x00007ffc2de9a31b jvm.dll
stack at sp + 4 slots: 0x0000025ac7460000 points into unknown readable memory: 0x0000000000000000 | 00 00 00 00 00 00 00 00
stack at sp + 5 slots: 0x0000009d331fecc9 points into unknown readable memory: 00 00 00 00 00 00 00
stack at sp + 6 slots: 0x0 is NULL
stack at sp + 7 slots: 0x00007ffc2db06513 jvm.dll

VM_Operation (0x0000009d33cff3e0): GetOrSetLocal, mode: safepoint, requested by thread 0x0000025aecc34800


---------------  P R O C E S S  ---------------

Threads class SMR info:
_java_thread_list=0x0000025aeffded00, length=14, elements={
0x0000025ac95ff800, 0x0000025aec081000, 0x0000025aec082000, 0x0000025aec08e000,
0x0000025aec976800, 0x0000025aec978000, 0x0000025aec979000, 0x0000025aec987800,
0x0000025aec991000, 0x0000025aecb7a800, 0x0000025aecc34800, 0x0000025aecebc800,
0x0000025aecebf000, 0x0000025aedf84000
}

Java Threads: ( => current thread )
  0x0000025ac95ff800 JavaThread "main" [_thread_blocked, id=35732, stack(0x0000009d32b00000,0x0000009d32c00000)]
  0x0000025aec081000 JavaThread "Reference Handler" daemon [_thread_blocked, id=28080, stack(0x0000009d33200000,0x0000009d33300000)]
  0x0000025aec082000 JavaThread "Finalizer" daemon [_thread_blocked, id=34812, stack(0x0000009d33300000,0x0000009d33400000)]
  0x0000025aec08e000 JavaThread "Signal Dispatcher" daemon [_thread_blocked, id=27744, stack(0x0000009d33400000,0x0000009d33500000)]
  0x0000025aec976800 JavaThread "Attach Listener" daemon [_thread_blocked, id=29204, stack(0x0000009d33500000,0x0000009d33600000)]
  0x0000025aec978000 JavaThread "Service Thread" daemon [_thread_blocked, id=33448, stack(0x0000009d33600000,0x0000009d33700000)]
  0x0000025aec979000 JavaThread "C2 CompilerThread0" daemon [_thread_blocked, id=31236, stack(0x0000009d33700000,0x0000009d33800000)]
  0x0000025aec987800 JavaThread "C1 CompilerThread0" daemon [_thread_blocked, id=28000, stack(0x0000009d33800000,0x0000009d33900000)]
  0x0000025aec991000 JavaThread "Sweeper thread" daemon [_thread_blocked, id=23616, stack(0x0000009d33900000,0x0000009d33a00000)]
  0x0000025aecb7a800 JavaThread "Common-Cleaner" daemon [_thread_blocked, id=9832, stack(0x0000009d33a00000,0x0000009d33b00000)]
  0x0000025aecc34800 JavaThread "JDWP Transport Listener: dt_socket" daemon [_thread_blocked, id=3572, stack(0x0000009d33c00000,0x0000009d33d00000)] _threads_hazard_ptr=0x0000025aeffded00
  0x0000025aecebc800 JavaThread "JDWP Event Helper Thread" daemon [_thread_blocked, id=33184, stack(0x0000009d33d00000,0x0000009d33e00000)]
  0x0000025aecebf000 JavaThread "JDWP Command Reader" daemon [_thread_in_native, id=17580, stack(0x0000009d33e00000,0x0000009d33f00000)]
  0x0000025aedf84000 JavaThread "ReaderThread" [_thread_in_native, id=29232, stack(0x0000009d34100000,0x0000009d34200000)]

Other Threads:
=>0x0000025aec06e800 VMThread "VM Thread" [stack: 0x0000009d33100000,0x0000009d33200000] [id=27920]
  0x0000025aed452800 WatcherThread [stack: 0x0000009d34000000,0x0000009d34100000] [id=36112]
  0x0000025ac9616000 GCTaskThread "GC Thread#0" [stack: 0x0000009d32c00000,0x0000009d32d00000] [id=23452]
  0x0000025aedb42000 GCTaskThread "GC Thread#1" [stack: 0x0000009d34200000,0x0000009d34300000] [id=33648]
  0x0000025aeda75000 GCTaskThread "GC Thread#2" [stack: 0x0000009d34300000,0x0000009d34400000] [id=3752]
  0x0000025aeda76000 GCTaskThread "GC Thread#3" [stack: 0x0000009d34400000,0x0000009d34500000] [id=14284]
  0x0000025aedeb0000 GCTaskThread "GC Thread#4" [stack: 0x0000009d34500000,0x0000009d34600000] [id=25348]
  0x0000025aedeb0800 GCTaskThread "GC Thread#5" [stack: 0x0000009d34600000,0x0000009d34700000] [id=28200]
  0x0000025ac9670000 ConcurrentGCThread "G1 Main Marker" [stack: 0x0000009d32d00000,0x0000009d32e00000] [id=30828]
  0x0000025ac9671800 ConcurrentGCThread "G1 Conc#0" [stack: 0x0000009d32e00000,0x0000009d32f00000] [id=33544]
  0x0000025aee355000 ConcurrentGCThread "G1 Conc#1" [stack: 0x0000009d34700000,0x0000009d34800000] [id=28836]
  0x0000025ac96cd800 ConcurrentGCThread "G1 Refine#0" [stack: 0x0000009d32f00000,0x0000009d33000000] [id=26832]
  0x0000025aebf5d000 ConcurrentGCThread "G1 Young RemSet Sampling" [stack: 0x0000009d33000000,0x0000009d33100000] [id=32816]

Threads with active compile tasks:

VM state:at safepoint (normal execution)

VM Mutex/Monitor currently owned by a thread:  ([mutex/lock_event])
[0x0000025ac95fd1e0] Threads_lock - owner thread: 0x0000025aec06e800

Heap address: 0x0000000704000000, size: 4032 MB, Compressed Oops mode: Zero based, Oop shift amount: 3
Narrow klass base: 0x0000000800000000, Narrow klass shift: 0
Compressed class space size: 1073741824 Address: 0x0000000800000000

Heap:
 garbage-first heap   total 258048K, used 19751K [0x0000000704000000, 0x0000000800000000)
  region size 1024K, 16 young (16384K), 5 survivors (5120K)
 Metaspace       used 21505K, capacity 22080K, committed 22272K, reserved 1069056K
  class space    used 2755K, capacity 2980K, committed 3072K, reserved 1048576K
Heap Regions: E=young(eden), S=young(survivor), O=old, HS=humongous(starts), HC=humongous(continues), CS=collection set, F=free, A=archive, TAMS=top-at-mark-start (previous, next)
|   0|0x0000000704000000, 0x0000000704100000, 0x0000000704100000|100%|HS|  |TAMS 0x0000000704100000, 0x0000000704000000| Complete 
|   1|0x0000000704100000, 0x0000000704200000, 0x0000000704200000|100%| O|  |TAMS 0x0000000704200000, 0x0000000704100000| Untracked 
|   2|0x0000000704200000, 0x0000000704300000, 0x0000000704300000|100%| O|  |TAMS 0x0000000704300000, 0x0000000704200000| Untracked 
|   3|0x0000000704300000, 0x0000000704400000, 0x0000000704400000|100%| O|  |TAMS 0x0000000704400000, 0x0000000704300000| Untracked 
|   4|0x0000000704400000, 0x000000070447f400, 0x0000000704500000| 49%| O|  |TAMS 0x000000070447f400, 0x0000000704400000| Untracked 
|   5|0x0000000704500000, 0x0000000704500000, 0x0000000704600000|  0%| F|  |TAMS 0x0000000704500000, 0x0000000704500000| Untracked 
|   6|0x0000000704600000, 0x0000000704600000, 0x0000000704700000|  0%| F|  |TAMS 0x0000000704600000, 0x0000000704600000| Untracked 
|   7|0x0000000704700000, 0x0000000704700000, 0x0000000704800000|  0%| F|  |TAMS 0x0000000704700000, 0x0000000704700000| Untracked 
|   8|0x0000000704800000, 0x0000000704800000, 0x0000000704900000|  0%| F|  |TAMS 0x0000000704800000, 0x0000000704800000| Untracked 
|   9|0x0000000704900000, 0x0000000704900000, 0x0000000704a00000|  0%| F|  |TAMS 0x0000000704900000, 0x0000000704900000| Untracked 
|  10|0x0000000704a00000, 0x0000000704a00000, 0x0000000704b00000|  0%| F|  |TAMS 0x0000000704a00000, 0x0000000704a00000| Untracked 
|  11|0x0000000704b00000, 0x0000000704b00000, 0x0000000704c00000|  0%| F|  |TAMS 0x0000000704b00000, 0x0000000704b00000| Untracked 
|  12|0x0000000704c00000, 0x0000000704c00000, 0x0000000704d00000|  0%| F|  |TAMS 0x0000000704c00000, 0x0000000704c00000| Untracked 
|  13|0x0000000704d00000, 0x0000000704d00000, 0x0000000704e00000|  0%| F|  |TAMS 0x0000000704d00000, 0x0000000704d00000| Untracked 
|  14|0x0000000704e00000, 0x0000000704e00000, 0x0000000704f00000|  0%| F|  |TAMS 0x0000000704e00000, 0x0000000704e00000| Untracked 
|  15|0x0000000704f00000, 0x0000000704f00000, 0x0000000705000000|  0%| F|  |TAMS 0x0000000704f00000, 0x0000000704f00000| Untracked 
|  16|0x0000000705000000, 0x0000000705000000, 0x0000000705100000|  0%| F|  |TAMS 0x0000000705000000, 0x0000000705000000| Untracked 
|  17|0x0000000705100000, 0x0000000705100000, 0x0000000705200000|  0%| F|  |TAMS 0x0000000705100000, 0x0000000705100000| Untracked 
|  18|0x0000000705200000, 0x0000000705200000, 0x0000000705300000|  0%| F|  |TAMS 0x0000000705200000, 0x0000000705200000| Untracked 
|  19|0x0000000705300000, 0x0000000705300000, 0x0000000705400000|  0%| F|  |TAMS 0x0000000705300000, 0x0000000705300000| Untracked 
|  20|0x0000000705400000, 0x0000000705400000, 0x0000000705500000|  0%| F|  |TAMS 0x0000000705400000, 0x0000000705400000| Untracked 
|  21|0x0000000705500000, 0x0000000705500000, 0x0000000705600000|  0%| F|  |TAMS 0x0000000705500000, 0x0000000705500000| Untracked 
|  22|0x0000000705600000, 0x0000000705600000, 0x0000000705700000|  0%| F|  |TAMS 0x0000000705600000, 0x0000000705600000| Untracked 
|  23|0x0000000705700000, 0x0000000705700000, 0x0000000705800000|  0%| F|  |TAMS 0x0000000705700000, 0x0000000705700000| Untracked 
|  24|0x0000000705800000, 0x0000000705800000, 0x0000000705900000|  0%| F|  |TAMS 0x0000000705800000, 0x0000000705800000| Untracked 
|  25|0x0000000705900000, 0x0000000705900000, 0x0000000705a00000|  0%| F|  |TAMS 0x0000000705900000, 0x0000000705900000| Untracked 
|  26|0x0000000705a00000, 0x0000000705a00000, 0x0000000705b00000|  0%| F|  |TAMS 0x0000000705a00000, 0x0000000705a00000| Untracked 
|  27|0x0000000705b00000, 0x0000000705b00000, 0x0000000705c00000|  0%| F|  |TAMS 0x0000000705b00000, 0x0000000705b00000| Untracked 
|  28|0x0000000705c00000, 0x0000000705c00000, 0x0000000705d00000|  0%| F|  |TAMS 0x0000000705c00000, 0x0000000705c00000| Untracked 
|  29|0x0000000705d00000, 0x0000000705d00000, 0x0000000705e00000|  0%| F|  |TAMS 0x0000000705d00000, 0x0000000705d00000| Untracked 
|  30|0x0000000705e00000, 0x0000000705e00000, 0x0000000705f00000|  0%| F|  |TAMS 0x0000000705e00000, 0x0000000705e00000| Untracked 
|  31|0x0000000705f00000, 0x0000000705f00000, 0x0000000706000000|  0%| F|  |TAMS 0x0000000705f00000, 0x0000000705f00000| Untracked 
|  32|0x0000000706000000, 0x0000000706000000, 0x0000000706100000|  0%| F|  |TAMS 0x0000000706000000, 0x0000000706000000| Untracked 
|  33|0x0000000706100000, 0x0000000706100000, 0x0000000706200000|  0%| F|  |TAMS 0x0000000706100000, 0x0000000706100000| Untracked 
|  34|0x0000000706200000, 0x0000000706200000, 0x0000000706300000|  0%| F|  |TAMS 0x0000000706200000, 0x0000000706200000| Untracked 
|  35|0x0000000706300000, 0x0000000706300000, 0x0000000706400000|  0%| F|  |TAMS 0x0000000706300000, 0x0000000706300000| Untracked 
|  36|0x0000000706400000, 0x0000000706400000, 0x0000000706500000|  0%| F|  |TAMS 0x0000000706400000, 0x0000000706400000| Untracked 
|  37|0x0000000706500000, 0x0000000706500000, 0x0000000706600000|  0%| F|  |TAMS 0x0000000706500000, 0x0000000706500000| Untracked 
|  38|0x0000000706600000, 0x0000000706600000, 0x0000000706700000|  0%| F|  |TAMS 0x0000000706600000, 0x0000000706600000| Untracked 
|  39|0x0000000706700000, 0x0000000706700000, 0x0000000706800000|  0%| F|  |TAMS 0x0000000706700000, 0x0000000706700000| Untracked 
|  40|0x0000000706800000, 0x0000000706800000, 0x0000000706900000|  0%| F|  |TAMS 0x0000000706800000, 0x0000000706800000| Untracked 
|  41|0x0000000706900000, 0x0000000706900000, 0x0000000706a00000|  0%| F|  |TAMS 0x0000000706900000, 0x0000000706900000| Untracked 
|  42|0x0000000706a00000, 0x0000000706a00000, 0x0000000706b00000|  0%| F|  |TAMS 0x0000000706a00000, 0x0000000706a00000| Untracked 
|  43|0x0000000706b00000, 0x0000000706b00000, 0x0000000706c00000|  0%| F|  |TAMS 0x0000000706b00000, 0x0000000706b00000| Untracked 
|  44|0x0000000706c00000, 0x0000000706c00000, 0x0000000706d00000|  0%| F|  |TAMS 0x0000000706c00000, 0x0000000706c00000| Untracked 
|  45|0x0000000706d00000, 0x0000000706d00000, 0x0000000706e00000|  0%| F|  |TAMS 0x0000000706d00000, 0x0000000706d00000| Untracked 
|  46|0x0000000706e00000, 0x0000000706e00000, 0x0000000706f00000|  0%| F|  |TAMS 0x0000000706e00000, 0x0000000706e00000| Untracked 
|  47|0x0000000706f00000, 0x0000000706f00000, 0x0000000707000000|  0%| F|  |TAMS 0x0000000706f00000, 0x0000000706f00000| Untracked 
|  48|0x0000000707000000, 0x0000000707000000, 0x0000000707100000|  0%| F|  |TAMS 0x0000000707000000, 0x0000000707000000| Untracked 
|  49|0x0000000707100000, 0x0000000707100000, 0x0000000707200000|  0%| F|  |TAMS 0x0000000707100000, 0x0000000707100000| Untracked 
|  50|0x0000000707200000, 0x0000000707200000, 0x0000000707300000|  0%| F|  |TAMS 0x0000000707200000, 0x0000000707200000| Untracked 
|  51|0x0000000707300000, 0x0000000707300000, 0x0000000707400000|  0%| F|  |TAMS 0x0000000707300000, 0x0000000707300000| Untracked 
|  52|0x0000000707400000, 0x0000000707400000, 0x0000000707500000|  0%| F|  |TAMS 0x0000000707400000, 0x0000000707400000| Untracked 
|  53|0x0000000707500000, 0x0000000707500000, 0x0000000707600000|  0%| F|  |TAMS 0x0000000707500000, 0x0000000707500000| Untracked 
|  54|0x0000000707600000, 0x0000000707600000, 0x0000000707700000|  0%| F|  |TAMS 0x0000000707600000, 0x0000000707600000| Untracked 
|  55|0x0000000707700000, 0x0000000707700000, 0x0000000707800000|  0%| F|  |TAMS 0x0000000707700000, 0x0000000707700000| Untracked 
|  56|0x0000000707800000, 0x0000000707800000, 0x0000000707900000|  0%| F|  |TAMS 0x0000000707800000, 0x0000000707800000| Untracked 
|  57|0x0000000707900000, 0x0000000707900000, 0x0000000707a00000|  0%| F|  |TAMS 0x0000000707900000, 0x0000000707900000| Untracked 
|  58|0x0000000707a00000, 0x0000000707a00000, 0x0000000707b00000|  0%| F|  |TAMS 0x0000000707a00000, 0x0000000707a00000| Untracked 
|  59|0x0000000707b00000, 0x0000000707b00000, 0x0000000707c00000|  0%| F|  |TAMS 0x0000000707b00000, 0x0000000707b00000| Untracked 
|  60|0x0000000707c00000, 0x0000000707c00000, 0x0000000707d00000|  0%| F|  |TAMS 0x0000000707c00000, 0x0000000707c00000| Untracked 
|  61|0x0000000707d00000, 0x0000000707d00000, 0x0000000707e00000|  0%| F|  |TAMS 0x0000000707d00000, 0x0000000707d00000| Untracked 
|  62|0x0000000707e00000, 0x0000000707e00000, 0x0000000707f00000|  0%| F|  |TAMS 0x0000000707e00000, 0x0000000707e00000| Untracked 
|  63|0x0000000707f00000, 0x0000000707f00000, 0x0000000708000000|  0%| F|  |TAMS 0x0000000707f00000, 0x0000000707f00000| Untracked 
|  64|0x0000000708000000, 0x0000000708000000, 0x0000000708100000|  0%| F|  |TAMS 0x0000000708000000, 0x0000000708000000| Untracked 
|  65|0x0000000708100000, 0x0000000708100000, 0x0000000708200000|  0%| F|  |TAMS 0x0000000708100000, 0x0000000708100000| Untracked 
|  66|0x0000000708200000, 0x0000000708200000, 0x0000000708300000|  0%| F|  |TAMS 0x0000000708200000, 0x0000000708200000| Untracked 
|  67|0x0000000708300000, 0x0000000708300000, 0x0000000708400000|  0%| F|  |TAMS 0x0000000708300000, 0x0000000708300000| Untracked 
|  68|0x0000000708400000, 0x0000000708400000, 0x0000000708500000|  0%| F|  |TAMS 0x0000000708400000, 0x0000000708400000| Untracked 
|  69|0x0000000708500000, 0x0000000708500000, 0x0000000708600000|  0%| F|  |TAMS 0x0000000708500000, 0x0000000708500000| Untracked 
|  70|0x0000000708600000, 0x0000000708600000, 0x0000000708700000|  0%| F|  |TAMS 0x0000000708600000, 0x0000000708600000| Untracked 
|  71|0x0000000708700000, 0x0000000708700000, 0x0000000708800000|  0%| F|  |TAMS 0x0000000708700000, 0x0000000708700000| Untracked 
|  72|0x0000000708800000, 0x0000000708800000, 0x0000000708900000|  0%| F|  |TAMS 0x0000000708800000, 0x0000000708800000| Untracked 
|  73|0x0000000708900000, 0x0000000708900000, 0x0000000708a00000|  0%| F|  |TAMS 0x0000000708900000, 0x0000000708900000| Untracked 
|  74|0x0000000708a00000, 0x0000000708a00000, 0x0000000708b00000|  0%| F|  |TAMS 0x0000000708a00000, 0x0000000708a00000| Untracked 
|  75|0x0000000708b00000, 0x0000000708b00000, 0x0000000708c00000|  0%| F|  |TAMS 0x0000000708b00000, 0x0000000708b00000| Untracked 
|  76|0x0000000708c00000, 0x0000000708c00000, 0x0000000708d00000|  0%| F|  |TAMS 0x0000000708c00000, 0x0000000708c00000| Untracked 
|  77|0x0000000708d00000, 0x0000000708d00000, 0x0000000708e00000|  0%| F|  |TAMS 0x0000000708d00000, 0x0000000708d00000| Untracked 
|  78|0x0000000708e00000, 0x0000000708e00000, 0x0000000708f00000|  0%| F|  |TAMS 0x0000000708e00000, 0x0000000708e00000| Untracked 
|  79|0x0000000708f00000, 0x0000000708f00000, 0x0000000709000000|  0%| F|  |TAMS 0x0000000708f00000, 0x0000000708f00000| Untracked 
|  80|0x0000000709000000, 0x0000000709000000, 0x0000000709100000|  0%| F|  |TAMS 0x0000000709000000, 0x0000000709000000| Untracked 
|  81|0x0000000709100000, 0x0000000709100000, 0x0000000709200000|  0%| F|  |TAMS 0x0000000709100000, 0x0000000709100000| Untracked 
|  82|0x0000000709200000, 0x0000000709200000, 0x0000000709300000|  0%| F|  |TAMS 0x0000000709200000, 0x0000000709200000| Untracked 
|  83|0x0000000709300000, 0x0000000709300000, 0x0000000709400000|  0%| F|  |TAMS 0x0000000709300000, 0x0000000709300000| Untracked 
|  84|0x0000000709400000, 0x0000000709400000, 0x0000000709500000|  0%| F|  |TAMS 0x0000000709400000, 0x0000000709400000| Untracked 
|  85|0x0000000709500000, 0x0000000709500000, 0x0000000709600000|  0%| F|  |TAMS 0x0000000709500000, 0x0000000709500000| Untracked 
|  86|0x0000000709600000, 0x0000000709600000, 0x0000000709700000|  0%| F|  |TAMS 0x0000000709600000, 0x0000000709600000| Untracked 
|  87|0x0000000709700000, 0x0000000709700000, 0x0000000709800000|  0%| F|  |TAMS 0x0000000709700000, 0x0000000709700000| Untracked 
|  88|0x0000000709800000, 0x0000000709800000, 0x0000000709900000|  0%| F|  |TAMS 0x0000000709800000, 0x0000000709800000| Untracked 
|  89|0x0000000709900000, 0x0000000709900000, 0x0000000709a00000|  0%| F|  |TAMS 0x0000000709900000, 0x0000000709900000| Untracked 
|  90|0x0000000709a00000, 0x0000000709a00000, 0x0000000709b00000|  0%| F|  |TAMS 0x0000000709a00000, 0x0000000709a00000| Untracked 
|  91|0x0000000709b00000, 0x0000000709b00000, 0x0000000709c00000|  0%| F|  |TAMS 0x0000000709b00000, 0x0000000709b00000| Untracked 
|  92|0x0000000709c00000, 0x0000000709c00000, 0x0000000709d00000|  0%| F|  |TAMS 0x0000000709c00000, 0x0000000709c00000| Untracked 
|  93|0x0000000709d00000, 0x0000000709d00000, 0x0000000709e00000|  0%| F|  |TAMS 0x0000000709d00000, 0x0000000709d00000| Untracked 
|  94|0x0000000709e00000, 0x0000000709e00000, 0x0000000709f00000|  0%| F|  |TAMS 0x0000000709e00000, 0x0000000709e00000| Untracked 
|  95|0x0000000709f00000, 0x0000000709f00000, 0x000000070a000000|  0%| F|  |TAMS 0x0000000709f00000, 0x0000000709f00000| Untracked 
|  96|0x000000070a000000, 0x000000070a000000, 0x000000070a100000|  0%| F|  |TAMS 0x000000070a000000, 0x000000070a000000| Untracked 
|  97|0x000000070a100000, 0x000000070a100000, 0x000000070a200000|  0%| F|  |TAMS 0x000000070a100000, 0x000000070a100000| Untracked 
|  98|0x000000070a200000, 0x000000070a200000, 0x000000070a300000|  0%| F|  |TAMS 0x000000070a200000, 0x000000070a200000| Untracked 
|  99|0x000000070a300000, 0x000000070a300000, 0x000000070a400000|  0%| F|  |TAMS 0x000000070a300000, 0x000000070a300000| Untracked 
| 100|0x000000070a400000, 0x000000070a400000, 0x000000070a500000|  0%| F|  |TAMS 0x000000070a400000, 0x000000070a400000| Untracked 
| 101|0x000000070a500000, 0x000000070a500000, 0x000000070a600000|  0%| F|  |TAMS 0x000000070a500000, 0x000000070a500000| Untracked 
| 102|0x000000070a600000, 0x000000070a600000, 0x000000070a700000|  0%| F|  |TAMS 0x000000070a600000, 0x000000070a600000| Untracked 
| 103|0x000000070a700000, 0x000000070a700000, 0x000000070a800000|  0%| F|  |TAMS 0x000000070a700000, 0x000000070a700000| Untracked 
| 104|0x000000070a800000, 0x000000070a800000, 0x000000070a900000|  0%| F|  |TAMS 0x000000070a800000, 0x000000070a800000| Untracked 
| 105|0x000000070a900000, 0x000000070a900000, 0x000000070aa00000|  0%| F|  |TAMS 0x000000070a900000, 0x000000070a900000| Untracked 
| 106|0x000000070aa00000, 0x000000070aa00000, 0x000000070ab00000|  0%| F|  |TAMS 0x000000070aa00000, 0x000000070aa00000| Untracked 
| 107|0x000000070ab00000, 0x000000070ab00000, 0x000000070ac00000|  0%| F|  |TAMS 0x000000070ab00000, 0x000000070ab00000| Untracked 
| 108|0x000000070ac00000, 0x000000070ac00000, 0x000000070ad00000|  0%| F|  |TAMS 0x000000070ac00000, 0x000000070ac00000| Untracked 
| 109|0x000000070ad00000, 0x000000070ad00000, 0x000000070ae00000|  0%| F|  |TAMS 0x000000070ad00000, 0x000000070ad00000| Untracked 
| 110|0x000000070ae00000, 0x000000070ae00000, 0x000000070af00000|  0%| F|  |TAMS 0x000000070ae00000, 0x000000070ae00000| Untracked 
| 111|0x000000070af00000, 0x000000070af00000, 0x000000070b000000|  0%| F|  |TAMS 0x000000070af00000, 0x000000070af00000| Untracked 
| 112|0x000000070b000000, 0x000000070b000000, 0x000000070b100000|  0%| F|  |TAMS 0x000000070b000000, 0x000000070b000000| Untracked 
| 113|0x000000070b100000, 0x000000070b100000, 0x000000070b200000|  0%| F|  |TAMS 0x000000070b100000, 0x000000070b100000| Untracked 
| 114|0x000000070b200000, 0x000000070b200000, 0x000000070b300000|  0%| F|  |TAMS 0x000000070b200000, 0x000000070b200000| Untracked 
| 115|0x000000070b300000, 0x000000070b300000, 0x000000070b400000|  0%| F|  |TAMS 0x000000070b300000, 0x000000070b300000| Untracked 
| 116|0x000000070b400000, 0x000000070b400000, 0x000000070b500000|  0%| F|  |TAMS 0x000000070b400000, 0x000000070b400000| Untracked 
| 117|0x000000070b500000, 0x000000070b500000, 0x000000070b600000|  0%| F|  |TAMS 0x000000070b500000, 0x000000070b500000| Untracked 
| 118|0x000000070b600000, 0x000000070b600000, 0x000000070b700000|  0%| F|  |TAMS 0x000000070b600000, 0x000000070b600000| Untracked 
| 119|0x000000070b700000, 0x000000070b700000, 0x000000070b800000|  0%| F|  |TAMS 0x000000070b700000, 0x000000070b700000| Untracked 
| 120|0x000000070b800000, 0x000000070b800000, 0x000000070b900000|  0%| F|  |TAMS 0x000000070b800000, 0x000000070b800000| Untracked 
| 121|0x000000070b900000, 0x000000070b900000, 0x000000070ba00000|  0%| F|  |TAMS 0x000000070b900000, 0x000000070b900000| Untracked 
| 122|0x000000070ba00000, 0x000000070ba00000, 0x000000070bb00000|  0%| F|  |TAMS 0x000000070ba00000, 0x000000070ba00000| Untracked 
| 123|0x000000070bb00000, 0x000000070bb00000, 0x000000070bc00000|  0%| F|  |TAMS 0x000000070bb00000, 0x000000070bb00000| Untracked 
| 124|0x000000070bc00000, 0x000000070bc00000, 0x000000070bd00000|  0%| F|  |TAMS 0x000000070bc00000, 0x000000070bc00000| Untracked 
| 125|0x000000070bd00000, 0x000000070bd00000, 0x000000070be00000|  0%| F|  |TAMS 0x000000070bd00000, 0x000000070bd00000| Untracked 
| 126|0x000000070be00000, 0x000000070be00000, 0x000000070bf00000|  0%| F|  |TAMS 0x000000070be00000, 0x000000070be00000| Untracked 
| 127|0x000000070bf00000, 0x000000070bf00000, 0x000000070c000000|  0%| F|  |TAMS 0x000000070bf00000, 0x000000070bf00000| Untracked 
| 128|0x000000070c000000, 0x000000070c000000, 0x000000070c100000|  0%| F|  |TAMS 0x000000070c000000, 0x000000070c000000| Untracked 
| 129|0x000000070c100000, 0x000000070c100000, 0x000000070c200000|  0%| F|  |TAMS 0x000000070c100000, 0x000000070c100000| Untracked 
| 130|0x000000070c200000, 0x000000070c200000, 0x000000070c300000|  0%| F|  |TAMS 0x000000070c200000, 0x000000070c200000| Untracked 
| 131|0x000000070c300000, 0x000000070c300000, 0x000000070c400000|  0%| F|  |TAMS 0x000000070c300000, 0x000000070c300000| Untracked 
| 132|0x000000070c400000, 0x000000070c400000, 0x000000070c500000|  0%| F|  |TAMS 0x000000070c400000, 0x000000070c400000| Untracked 
| 133|0x000000070c500000, 0x000000070c500000, 0x000000070c600000|  0%| F|  |TAMS 0x000000070c500000, 0x000000070c500000| Untracked 
| 134|0x000000070c600000, 0x000000070c6ca818, 0x000000070c700000| 79%| S|CS|TAMS 0x000000070c600000, 0x000000070c600000| Complete 
| 135|0x000000070c700000, 0x000000070c800000, 0x000000070c800000|100%| S|CS|TAMS 0x000000070c700000, 0x000000070c700000| Complete 
| 136|0x000000070c800000, 0x000000070c900000, 0x000000070c900000|100%| S|CS|TAMS 0x000000070c800000, 0x000000070c800000| Complete 
| 137|0x000000070c900000, 0x000000070ca00000, 0x000000070ca00000|100%| S|CS|TAMS 0x000000070c900000, 0x000000070c900000| Complete 
| 138|0x000000070ca00000, 0x000000070cb00000, 0x000000070cb00000|100%| S|CS|TAMS 0x000000070ca00000, 0x000000070ca00000| Complete 
| 139|0x000000070cb00000, 0x000000070cb00000, 0x000000070cc00000|  0%| F|  |TAMS 0x000000070cb00000, 0x000000070cb00000| Untracked 
| 140|0x000000070cc00000, 0x000000070cc00000, 0x000000070cd00000|  0%| F|  |TAMS 0x000000070cc00000, 0x000000070cc00000| Untracked 
| 141|0x000000070cd00000, 0x000000070cd00000, 0x000000070ce00000|  0%| F|  |TAMS 0x000000070cd00000, 0x000000070cd00000| Untracked 
| 142|0x000000070ce00000, 0x000000070ce00000, 0x000000070cf00000|  0%| F|  |TAMS 0x000000070ce00000, 0x000000070ce00000| Untracked 
| 143|0x000000070cf00000, 0x000000070cf00000, 0x000000070d000000|  0%| F|  |TAMS 0x000000070cf00000, 0x000000070cf00000| Untracked 
| 144|0x000000070d000000, 0x000000070d000000, 0x000000070d100000|  0%| F|  |TAMS 0x000000070d000000, 0x000000070d000000| Untracked 
| 145|0x000000070d100000, 0x000000070d100000, 0x000000070d200000|  0%| F|  |TAMS 0x000000070d100000, 0x000000070d100000| Untracked 
| 146|0x000000070d200000, 0x000000070d200000, 0x000000070d300000|  0%| F|  |TAMS 0x000000070d200000, 0x000000070d200000| Untracked 
| 147|0x000000070d300000, 0x000000070d300000, 0x000000070d400000|  0%| F|  |TAMS 0x000000070d300000, 0x000000070d300000| Untracked 
| 148|0x000000070d400000, 0x000000070d400000, 0x000000070d500000|  0%| F|  |TAMS 0x000000070d400000, 0x000000070d400000| Untracked 
| 149|0x000000070d500000, 0x000000070d500000, 0x000000070d600000|  0%| F|  |TAMS 0x000000070d500000, 0x000000070d500000| Untracked 
| 150|0x000000070d600000, 0x000000070d600000, 0x000000070d700000|  0%| F|  |TAMS 0x000000070d600000, 0x000000070d600000| Untracked 
| 151|0x000000070d700000, 0x000000070d700000, 0x000000070d800000|  0%| F|  |TAMS 0x000000070d700000, 0x000000070d700000| Untracked 
| 152|0x000000070d800000, 0x000000070d800000, 0x000000070d900000|  0%| F|  |TAMS 0x000000070d800000, 0x000000070d800000| Untracked 
| 153|0x000000070d900000, 0x000000070d900000, 0x000000070da00000|  0%| F|  |TAMS 0x000000070d900000, 0x000000070d900000| Untracked 
| 154|0x000000070da00000, 0x000000070da00000, 0x000000070db00000|  0%| F|  |TAMS 0x000000070da00000, 0x000000070da00000| Untracked 
| 155|0x000000070db00000, 0x000000070db00000, 0x000000070dc00000|  0%| F|  |TAMS 0x000000070db00000, 0x000000070db00000| Untracked 
| 156|0x000000070dc00000, 0x000000070dc00000, 0x000000070dd00000|  0%| F|  |TAMS 0x000000070dc00000, 0x000000070dc00000| Untracked 
| 157|0x000000070dd00000, 0x000000070dd00000, 0x000000070de00000|  0%| F|  |TAMS 0x000000070dd00000, 0x000000070dd00000| Untracked 
| 158|0x000000070de00000, 0x000000070de00000, 0x000000070df00000|  0%| F|  |TAMS 0x000000070de00000, 0x000000070de00000| Untracked 
| 159|0x000000070df00000, 0x000000070df00000, 0x000000070e000000|  0%| F|  |TAMS 0x000000070df00000, 0x000000070df00000| Untracked 
| 160|0x000000070e000000, 0x000000070e000000, 0x000000070e100000|  0%| F|  |TAMS 0x000000070e000000, 0x000000070e000000| Untracked 
| 161|0x000000070e100000, 0x000000070e100000, 0x000000070e200000|  0%| F|  |TAMS 0x000000070e100000, 0x000000070e100000| Untracked 
| 162|0x000000070e200000, 0x000000070e200000, 0x000000070e300000|  0%| F|  |TAMS 0x000000070e200000, 0x000000070e200000| Untracked 
| 163|0x000000070e300000, 0x000000070e300000, 0x000000070e400000|  0%| F|  |TAMS 0x000000070e300000, 0x000000070e300000| Untracked 
| 164|0x000000070e400000, 0x000000070e400000, 0x000000070e500000|  0%| F|  |TAMS 0x000000070e400000, 0x000000070e400000| Untracked 
| 165|0x000000070e500000, 0x000000070e500000, 0x000000070e600000|  0%| F|  |TAMS 0x000000070e500000, 0x000000070e500000| Untracked 
| 166|0x000000070e600000, 0x000000070e600000, 0x000000070e700000|  0%| F|  |TAMS 0x000000070e600000, 0x000000070e600000| Untracked 
| 167|0x000000070e700000, 0x000000070e700000, 0x000000070e800000|  0%| F|  |TAMS 0x000000070e700000, 0x000000070e700000| Untracked 
| 168|0x000000070e800000, 0x000000070e800000, 0x000000070e900000|  0%| F|  |TAMS 0x000000070e800000, 0x000000070e800000| Untracked 
| 169|0x000000070e900000, 0x000000070e900000, 0x000000070ea00000|  0%| F|  |TAMS 0x000000070e900000, 0x000000070e900000| Untracked 
| 170|0x000000070ea00000, 0x000000070ea00000, 0x000000070eb00000|  0%| F|  |TAMS 0x000000070ea00000, 0x000000070ea00000| Untracked 
| 171|0x000000070eb00000, 0x000000070eb00000, 0x000000070ec00000|  0%| F|  |TAMS 0x000000070eb00000, 0x000000070eb00000| Untracked 
| 172|0x000000070ec00000, 0x000000070ec00000, 0x000000070ed00000|  0%| F|  |TAMS 0x000000070ec00000, 0x000000070ec00000| Untracked 
| 173|0x000000070ed00000, 0x000000070ed00000, 0x000000070ee00000|  0%| F|  |TAMS 0x000000070ed00000, 0x000000070ed00000| Untracked 
| 174|0x000000070ee00000, 0x000000070ee00000, 0x000000070ef00000|  0%| F|  |TAMS 0x000000070ee00000, 0x000000070ee00000| Untracked 
| 175|0x000000070ef00000, 0x000000070ef00000, 0x000000070f000000|  0%| F|  |TAMS 0x000000070ef00000, 0x000000070ef00000| Untracked 
| 176|0x000000070f000000, 0x000000070f000000, 0x000000070f100000|  0%| F|  |TAMS 0x000000070f000000, 0x000000070f000000| Untracked 
| 177|0x000000070f100000, 0x000000070f100000, 0x000000070f200000|  0%| F|  |TAMS 0x000000070f100000, 0x000000070f100000| Untracked 
| 178|0x000000070f200000, 0x000000070f200000, 0x000000070f300000|  0%| F|  |TAMS 0x000000070f200000, 0x000000070f200000| Untracked 
| 179|0x000000070f300000, 0x000000070f300000, 0x000000070f400000|  0%| F|  |TAMS 0x000000070f300000, 0x000000070f300000| Untracked 
| 180|0x000000070f400000, 0x000000070f400000, 0x000000070f500000|  0%| F|  |TAMS 0x000000070f400000, 0x000000070f400000| Untracked 
| 181|0x000000070f500000, 0x000000070f500000, 0x000000070f600000|  0%| F|  |TAMS 0x000000070f500000, 0x000000070f500000| Untracked 
| 182|0x000000070f600000, 0x000000070f600000, 0x000000070f700000|  0%| F|  |TAMS 0x000000070f600000, 0x000000070f600000| Untracked 
| 183|0x000000070f700000, 0x000000070f700000, 0x000000070f800000|  0%| F|  |TAMS 0x000000070f700000, 0x000000070f700000| Untracked 
| 184|0x000000070f800000, 0x000000070f800000, 0x000000070f900000|  0%| F|  |TAMS 0x000000070f800000, 0x000000070f800000| Untracked 
| 185|0x000000070f900000, 0x000000070f900000, 0x000000070fa00000|  0%| F|  |TAMS 0x000000070f900000, 0x000000070f900000| Untracked 
| 186|0x000000070fa00000, 0x000000070fa00000, 0x000000070fb00000|  0%| F|  |TAMS 0x000000070fa00000, 0x000000070fa00000| Untracked 
| 187|0x000000070fb00000, 0x000000070fb00000, 0x000000070fc00000|  0%| F|  |TAMS 0x000000070fb00000, 0x000000070fb00000| Untracked 
| 188|0x000000070fc00000, 0x000000070fc00000, 0x000000070fd00000|  0%| F|  |TAMS 0x000000070fc00000, 0x000000070fc00000| Untracked 
| 189|0x000000070fd00000, 0x000000070fd00000, 0x000000070fe00000|  0%| F|  |TAMS 0x000000070fd00000, 0x000000070fd00000| Untracked 
| 190|0x000000070fe00000, 0x000000070fe00000, 0x000000070ff00000|  0%| F|  |TAMS 0x000000070fe00000, 0x000000070fe00000| Untracked 
| 191|0x000000070ff00000, 0x000000070ff00000, 0x0000000710000000|  0%| F|  |TAMS 0x000000070ff00000, 0x000000070ff00000| Untracked 
| 192|0x0000000710000000, 0x0000000710000000, 0x0000000710100000|  0%| F|  |TAMS 0x0000000710000000, 0x0000000710000000| Untracked 
| 193|0x0000000710100000, 0x0000000710100000, 0x0000000710200000|  0%| F|  |TAMS 0x0000000710100000, 0x0000000710100000| Untracked 
| 194|0x0000000710200000, 0x0000000710200000, 0x0000000710300000|  0%| F|  |TAMS 0x0000000710200000, 0x0000000710200000| Untracked 
| 195|0x0000000710300000, 0x0000000710300000, 0x0000000710400000|  0%| F|  |TAMS 0x0000000710300000, 0x0000000710300000| Untracked 
| 196|0x0000000710400000, 0x0000000710400000, 0x0000000710500000|  0%| F|  |TAMS 0x0000000710400000, 0x0000000710400000| Untracked 
| 197|0x0000000710500000, 0x0000000710500000, 0x0000000710600000|  0%| F|  |TAMS 0x0000000710500000, 0x0000000710500000| Untracked 
| 198|0x0000000710600000, 0x0000000710600000, 0x0000000710700000|  0%| F|  |TAMS 0x0000000710600000, 0x0000000710600000| Untracked 
| 199|0x0000000710700000, 0x0000000710700000, 0x0000000710800000|  0%| F|  |TAMS 0x0000000710700000, 0x0000000710700000| Untracked 
| 200|0x0000000710800000, 0x0000000710800000, 0x0000000710900000|  0%| F|  |TAMS 0x0000000710800000, 0x0000000710800000| Untracked 
| 201|0x0000000710900000, 0x0000000710900000, 0x0000000710a00000|  0%| F|  |TAMS 0x0000000710900000, 0x0000000710900000| Untracked 
| 202|0x0000000710a00000, 0x0000000710a00000, 0x0000000710b00000|  0%| F|  |TAMS 0x0000000710a00000, 0x0000000710a00000| Untracked 
| 203|0x0000000710b00000, 0x0000000710b00000, 0x0000000710c00000|  0%| F|  |TAMS 0x0000000710b00000, 0x0000000710b00000| Untracked 
| 204|0x0000000710c00000, 0x0000000710c00000, 0x0000000710d00000|  0%| F|  |TAMS 0x0000000710c00000, 0x0000000710c00000| Untracked 
| 205|0x0000000710d00000, 0x0000000710d00000, 0x0000000710e00000|  0%| F|  |TAMS 0x0000000710d00000, 0x0000000710d00000| Untracked 
| 206|0x0000000710e00000, 0x0000000710e00000, 0x0000000710f00000|  0%| F|  |TAMS 0x0000000710e00000, 0x0000000710e00000| Untracked 
| 207|0x0000000710f00000, 0x0000000710f00000, 0x0000000711000000|  0%| F|  |TAMS 0x0000000710f00000, 0x0000000710f00000| Untracked 
| 208|0x0000000711000000, 0x0000000711000000, 0x0000000711100000|  0%| F|  |TAMS 0x0000000711000000, 0x0000000711000000| Untracked 
| 209|0x0000000711100000, 0x0000000711100000, 0x0000000711200000|  0%| F|  |TAMS 0x0000000711100000, 0x0000000711100000| Untracked 
| 210|0x0000000711200000, 0x0000000711200000, 0x0000000711300000|  0%| F|  |TAMS 0x0000000711200000, 0x0000000711200000| Untracked 
| 211|0x0000000711300000, 0x0000000711300000, 0x0000000711400000|  0%| F|  |TAMS 0x0000000711300000, 0x0000000711300000| Untracked 
| 212|0x0000000711400000, 0x0000000711400000, 0x0000000711500000|  0%| F|  |TAMS 0x0000000711400000, 0x0000000711400000| Untracked 
| 213|0x0000000711500000, 0x0000000711500000, 0x0000000711600000|  0%| F|  |TAMS 0x0000000711500000, 0x0000000711500000| Untracked 
| 214|0x0000000711600000, 0x0000000711600000, 0x0000000711700000|  0%| F|  |TAMS 0x0000000711600000, 0x0000000711600000| Untracked 
| 215|0x0000000711700000, 0x0000000711700000, 0x0000000711800000|  0%| F|  |TAMS 0x0000000711700000, 0x0000000711700000| Untracked 
| 216|0x0000000711800000, 0x0000000711800000, 0x0000000711900000|  0%| F|  |TAMS 0x0000000711800000, 0x0000000711800000| Untracked 
| 217|0x0000000711900000, 0x0000000711900000, 0x0000000711a00000|  0%| F|  |TAMS 0x0000000711900000, 0x0000000711900000| Untracked 
| 218|0x0000000711a00000, 0x0000000711a00000, 0x0000000711b00000|  0%| F|  |TAMS 0x0000000711a00000, 0x0000000711a00000| Untracked 
| 219|0x0000000711b00000, 0x0000000711b00000, 0x0000000711c00000|  0%| F|  |TAMS 0x0000000711b00000, 0x0000000711b00000| Untracked 
| 220|0x0000000711c00000, 0x0000000711c00000, 0x0000000711d00000|  0%| F|  |TAMS 0x0000000711c00000, 0x0000000711c00000| Untracked 
| 221|0x0000000711d00000, 0x0000000711d00000, 0x0000000711e00000|  0%| F|  |TAMS 0x0000000711d00000, 0x0000000711d00000| Untracked 
| 222|0x0000000711e00000, 0x0000000711e00000, 0x0000000711f00000|  0%| F|  |TAMS 0x0000000711e00000, 0x0000000711e00000| Untracked 
| 223|0x0000000711f00000, 0x0000000711f00000, 0x0000000712000000|  0%| F|  |TAMS 0x0000000711f00000, 0x0000000711f00000| Untracked 
| 224|0x0000000712000000, 0x0000000712000000, 0x0000000712100000|  0%| F|  |TAMS 0x0000000712000000, 0x0000000712000000| Untracked 
| 225|0x0000000712100000, 0x0000000712100000, 0x0000000712200000|  0%| F|  |TAMS 0x0000000712100000, 0x0000000712100000| Untracked 
| 226|0x0000000712200000, 0x0000000712200000, 0x0000000712300000|  0%| F|  |TAMS 0x0000000712200000, 0x0000000712200000| Untracked 
| 227|0x0000000712300000, 0x0000000712300000, 0x0000000712400000|  0%| F|  |TAMS 0x0000000712300000, 0x0000000712300000| Untracked 
| 228|0x0000000712400000, 0x0000000712400000, 0x0000000712500000|  0%| F|  |TAMS 0x0000000712400000, 0x0000000712400000| Untracked 
| 229|0x0000000712500000, 0x0000000712500000, 0x0000000712600000|  0%| F|  |TAMS 0x0000000712500000, 0x0000000712500000| Untracked 
| 230|0x0000000712600000, 0x0000000712600000, 0x0000000712700000|  0%| F|  |TAMS 0x0000000712600000, 0x0000000712600000| Untracked 
| 231|0x0000000712700000, 0x0000000712700000, 0x0000000712800000|  0%| F|  |TAMS 0x0000000712700000, 0x0000000712700000| Untracked 
| 232|0x0000000712800000, 0x0000000712800000, 0x0000000712900000|  0%| F|  |TAMS 0x0000000712800000, 0x0000000712800000| Untracked 
| 233|0x0000000712900000, 0x0000000712900000, 0x0000000712a00000|  0%| F|  |TAMS 0x0000000712900000, 0x0000000712900000| Untracked 
| 234|0x0000000712a00000, 0x0000000712a00000, 0x0000000712b00000|  0%| F|  |TAMS 0x0000000712a00000, 0x0000000712a00000| Untracked 
| 235|0x0000000712b00000, 0x0000000712b00000, 0x0000000712c00000|  0%| F|  |TAMS 0x0000000712b00000, 0x0000000712b00000| Untracked 
| 236|0x0000000712c00000, 0x0000000712c00000, 0x0000000712d00000|  0%| F|  |TAMS 0x0000000712c00000, 0x0000000712c00000| Untracked 
| 237|0x0000000712d00000, 0x0000000712d00000, 0x0000000712e00000|  0%| F|  |TAMS 0x0000000712d00000, 0x0000000712d00000| Untracked 
| 238|0x0000000712e00000, 0x0000000712e00000, 0x0000000712f00000|  0%| F|  |TAMS 0x0000000712e00000, 0x0000000712e00000| Untracked 
| 239|0x0000000712f00000, 0x0000000712f00000, 0x0000000713000000|  0%| F|  |TAMS 0x0000000712f00000, 0x0000000712f00000| Untracked 
| 240|0x0000000713000000, 0x0000000713000000, 0x0000000713100000|  0%| F|  |TAMS 0x0000000713000000, 0x0000000713000000| Untracked 
| 241|0x0000000713100000, 0x0000000713180800, 0x0000000713200000| 50%| E|  |TAMS 0x0000000713100000, 0x0000000713100000| Complete 
| 242|0x0000000713200000, 0x0000000713300000, 0x0000000713300000|100%| E|CS|TAMS 0x0000000713200000, 0x0000000713200000| Complete 
| 243|0x0000000713300000, 0x0000000713400000, 0x0000000713400000|100%| E|CS|TAMS 0x0000000713300000, 0x0000000713300000| Complete 
| 244|0x0000000713400000, 0x0000000713500000, 0x0000000713500000|100%| E|CS|TAMS 0x0000000713400000, 0x0000000713400000| Complete 
| 245|0x0000000713500000, 0x0000000713600000, 0x0000000713600000|100%| E|CS|TAMS 0x0000000713500000, 0x0000000713500000| Complete 
| 246|0x0000000713600000, 0x0000000713700000, 0x0000000713700000|100%| E|CS|TAMS 0x0000000713600000, 0x0000000713600000| Complete 
| 247|0x0000000713700000, 0x0000000713800000, 0x0000000713800000|100%| E|CS|TAMS 0x0000000713700000, 0x0000000713700000| Complete 
| 248|0x0000000713800000, 0x0000000713900000, 0x0000000713900000|100%| E|CS|TAMS 0x0000000713800000, 0x0000000713800000| Complete 
| 249|0x0000000713900000, 0x0000000713a00000, 0x0000000713a00000|100%| E|CS|TAMS 0x0000000713900000, 0x0000000713900000| Complete 
| 250|0x0000000713a00000, 0x0000000713b00000, 0x0000000713b00000|100%| E|CS|TAMS 0x0000000713a00000, 0x0000000713a00000| Complete 
| 251|0x0000000713b00000, 0x0000000713c00000, 0x0000000713c00000|100%| E|CS|TAMS 0x0000000713b00000, 0x0000000713b00000| Complete 

Card table byte_map: [0x0000025ae0730000,0x0000025ae0f10000] _byte_map_base: 0x0000025adcf10000

Marking Bits (Prev, Next): (CMBitMap*) 0x0000025ac965f700, (CMBitMap*) 0x0000025ac965f6c8
 Prev Bits: [0x0000025ae55f0000, 0x0000025ae94f0000)
 Next Bits: [0x0000025ae16f0000, 0x0000025ae55f0000)

Polling page: 0x0000025ac8dd0000

Metaspace:

Usage:
  Non-class:     18.65 MB capacity,    18.31 MB ( 98%) used,   289.96 KB (  2%) free+waste,    59.94 KB ( <1%) overhead. 
      Class:      2.91 MB capacity,     2.69 MB ( 92%) used,   194.91 KB (  7%) free+waste,    29.94 KB (  1%) overhead. 
       Both:     21.56 MB capacity,    21.00 MB ( 97%) used,   484.88 KB (  2%) free+waste,    89.88 KB ( <1%) overhead. 

Virtual space:
  Non-class space:       20.00 MB reserved,      18.75 MB ( 94%) committed 
      Class space:        1.00 GB reserved,       3.00 MB ( <1%) committed 
             Both:        1.02 GB reserved,      21.75 MB (  2%) committed 

Chunk freelists:
   Non-Class:  4.50 KB
       Class:  0 bytes
        Both:  4.50 KB

CodeHeap 'non-profiled nmethods': size=120000Kb used=1339Kb max_used=1339Kb free=118660Kb
 bounds [0x0000025ad86f0000, 0x0000025ad8960000, 0x0000025adfc20000]
CodeHeap 'profiled nmethods': size=120000Kb used=4501Kb max_used=4501Kb free=115498Kb
 bounds [0x0000025ad11c0000, 0x0000025ad1630000, 0x0000025ad86f0000]
CodeHeap 'non-nmethods': size=5760Kb used=1197Kb max_used=1291Kb free=4562Kb
 bounds [0x0000025ad0c20000, 0x0000025ad0e90000, 0x0000025ad11c0000]
 total_blobs=2615 nmethods=2215 adapters=319
 compilation: enabled
              stopped_count=0, restarted_count=0
 full_count=0

Compilation events (10 events):
Event: 1.707 Thread 0x0000025aec979000 2192       4       org.eclipse.jdt.launching.internal.org.objectweb.asm.SymbolTable::addConstantNameAndType (28 bytes)
Event: 1.716 Thread 0x0000025aecf2a000 nmethod 2161 0x0000025ad8818090 code [0x0000025ad8818440, 0x0000025ad881f818]
Event: 1.717 Thread 0x0000025aecf2a000 2204   !   4       java.net.URL::set (114 bytes)
Event: 1.723 Thread 0x0000025aecf2a000 nmethod 2204 0x0000025ad8822c90 code [0x0000025ad8822e20, 0x0000025ad8823718]
Event: 1.724 Thread 0x0000025aecf2a000 2188       4       org.eclipse.jdt.launching.internal.org.objectweb.asm.ClassWriter::visitEnd (1 bytes)
Event: 1.724 Thread 0x0000025aecf2a000 nmethod 2188 0x0000025ad8823810 code [0x0000025ad8823980, 0x0000025ad88239d8]
Event: 1.724 Thread 0x0000025aecf2a000 2190       4       jdk.internal.loader.URLClassPath$JarLoader$2::getCodeSourceURL (8 bytes)
Event: 1.724 Thread 0x0000025aecf2a000 nmethod 2190 0x0000025ad8823a90 code [0x0000025ad8823c00, 0x0000025ad8823c98]
Event: 1.729 Thread 0x0000025aec979000 nmethod 2192 0x0000025ad8823d10 code [0x0000025ad8823ee0, 0x0000025ad8824c18]
Event: 2.016 Thread 0x0000025aecf26800 nmethod 2193 0x0000025ad8825210 code [0x0000025ad8825980, 0x0000025ad8837c40]

GC Heap History (4 events):
Event: 0.634 GC heap before
{Heap before GC invocations=0 (full 0):
 garbage-first heap   total 258048K, used 25600K [0x0000000704000000, 0x0000000800000000)
  region size 1024K, 24 young (24576K), 0 survivors (0K)
 Metaspace       used 11015K, capacity 11213K, committed 11392K, reserved 1058816K
  class space    used 1008K, capacity 1082K, committed 1152K, reserved 1048576K
}
Event: 0.637 GC heap after
{Heap after GC invocations=1 (full 0):
 garbage-first heap   total 258048K, used 7677K [0x0000000704000000, 0x0000000800000000)
  region size 1024K, 3 young (3072K), 3 survivors (3072K)
 Metaspace       used 11015K, capacity 11213K, committed 11392K, reserved 1058816K
  class space    used 1008K, capacity 1082K, committed 1152K, reserved 1048576K
}
Event: 1.609 GC heap before
{Heap before GC invocations=1 (full 0):
 garbage-first heap   total 258048K, used 119293K [0x0000000704000000, 0x0000000800000000)
  region size 1024K, 113 young (115712K), 3 survivors (3072K)
 Metaspace       used 20548K, capacity 21028K, committed 21248K, reserved 1067008K
  class space    used 2598K, capacity 2799K, committed 2816K, reserved 1048576K
}
Event: 1.614 GC heap after
{Heap after GC invocations=2 (full 0):
 garbage-first heap   total 258048K, used 9511K [0x0000000704000000, 0x0000000800000000)
  region size 1024K, 5 young (5120K), 5 survivors (5120K)
 Metaspace       used 20548K, capacity 21028K, committed 21248K, reserved 1067008K
  class space    used 2598K, capacity 2799K, committed 2816K, reserved 1048576K
}

Deoptimization events (10 events):
Event: 0.838 Thread 0x0000025ac95ff800 Uncommon trap: reason=unstable_if action=reinterpret pc=0x0000025ad872af50 method=java.util.jar.Manifest$FastInputStream.readLine([BII)I @ 90 c2
Event: 0.856 Thread 0x0000025ac95ff800 Uncommon trap: reason=unstable_if action=reinterpret pc=0x0000025ad87217e8 method=java.lang.String.startsWith(Ljava/lang/String;I)Z @ 14 c2
Event: 0.884 Thread 0x0000025ac95ff800 Uncommon trap: reason=unstable_if action=reinterpret pc=0x0000025ad8734690 method=org.eclipse.jdt.launching.internal.org.objectweb.asm.ClassReader.readUtf(II[C)Ljava/lang/String; @ 41 c2
Event: 0.884 Thread 0x0000025ac95ff800 Uncommon trap: reason=unstable_if action=reinterpret pc=0x0000025ad86fa540 method=java.lang.String.isLatin1()Z @ 10 c2
Event: 0.884 Thread 0x0000025ac95ff800 Uncommon trap: reason=unstable_if action=reinterpret pc=0x0000025ad872e784 method=org.eclipse.jdt.launching.internal.org.objectweb.asm.ClassReader.readUtf(II[C)Ljava/lang/String; @ 41 c2
Event: 0.885 Thread 0x0000025ac95ff800 Uncommon trap: reason=unstable_if action=reinterpret pc=0x0000025ad87030c4 method=java.lang.CharacterData.of(I)Ljava/lang/CharacterData; @ 4 c2
Event: 0.945 Thread 0x0000025ac95ff800 Uncommon trap: reason=unstable_if action=reinterpret pc=0x0000025ad876dc10 method=java.util.concurrent.ConcurrentHashMap.get(Ljava/lang/Object;)Ljava/lang/Object; @ 76 c2
Event: 1.120 Thread 0x0000025ac95ff800 Uncommon trap: reason=unstable_if action=reinterpret pc=0x0000025ad875c398 method=sun.reflect.generics.parser.SignatureParser.current()C @ 39 c2
Event: 1.549 Thread 0x0000025ac95ff800 Uncommon trap: reason=unstable_if action=reinterpret pc=0x0000025ad875c9c0 method=java.lang.String.startsWith(Ljava/lang/String;I)Z @ 14 c2
Event: 1.624 Thread 0x0000025ac95ff800 Uncommon trap: reason=unstable_if action=reinterpret pc=0x0000025ad87ff780 method=org.eclipse.jdt.launching.internal.org.objectweb.asm.SymbolTable.<init>(Lorg/eclipse/jdt/launching/internal/org/objectweb/asm/ClassWriter;Lorg/eclipse/jdt/launching/internal

Classes redefined (2 events):
Event: 437.888 Thread 0x0000025aec06e800 redefined class name=com.numpyninja.lms.service.ProgBatchServiceTest, count=1
Event: 955.214 Thread 0x0000025aec06e800 redefined class name=com.numpyninja.lms.service.ProgBatchServiceTest, count=2

Internal exceptions (10 events):
Event: 0.784 Thread 0x0000025ac95ff800 Exception <a 'java/lang/NoSuchMethodError'{0x0000000712fe7458}: java.lang.invoke.DirectMethodHandle$Holder.invokeStatic(Ljava/lang/Object;Ljava/lang/Object;Ljava/lang/Object;Ljava/lang/Object;)V> (0x0000000712fe7458) thrown at [./open/src/hotspot/share/in
Event: 0.800 Thread 0x0000025ac95ff800 Exception <a 'java/lang/NoSuchMethodError'{0x0000000712d70cf0}: java.lang.invoke.DirectMethodHandle$Holder.invokeStatic(Ljava/lang/Object;Ljava/lang/Object;Ljava/lang/Object;Ljava/lang/Object;Ljava/lang/Object;)I> (0x0000000712d70cf0) thrown at [./open/sr
Event: 0.816 Thread 0x0000025ac95ff800 Exception <a 'java/lang/NoSuchMethodError'{0x0000000712cbcc10}: java.lang.invoke.DirectMethodHandle$Holder.invokeSpecial(Ljava/lang/Object;Ljava/lang/Object;)V> (0x0000000712cbcc10) thrown at [./open/src/hotspot/share/interpreter/linkResolver.cpp, line 77
Event: 0.835 Thread 0x0000025ac95ff800 Exception <a 'java/lang/NoSuchMethodError'{0x0000000712931a48}: java.lang.invoke.DirectMethodHandle$Holder.invokeStaticInit(Ljava/lang/Object;Ljava/lang/Object;Ljava/lang/Object;)I> (0x0000000712931a48) thrown at [./open/src/hotspot/share/interpreter/link
Event: 0.876 Thread 0x0000025ac95ff800 Exception <a 'java/lang/IncompatibleClassChangeError'{0x00000007125797f0}: Found class java.lang.Object, but interface was expected> (0x00000007125797f0) thrown at [./open/src/hotspot/share/interpreter/linkResolver.cpp, line 838]
Event: 0.897 Thread 0x0000025ac95ff800 Exception <a 'java/lang/NoSuchMethodError'{0x0000000712076ea8}: java.lang.invoke.DirectMethodHandle$Holder.invokeStatic(Ljava/lang/Object;Ljava/lang/Object;Ljava/lang/Object;Ljava/lang/Object;Ljava/lang/Object;)V> (0x0000000712076ea8) thrown at [./open/sr
Event: 0.897 Thread 0x0000025ac95ff800 Exception <a 'java/lang/NoSuchMethodError'{0x0000000712085580}: java.lang.invoke.Invokers$Holder.linkToTargetMethod(Ljava/lang/Object;Ljava/lang/Object;Ljava/lang/Object;Ljava/lang/Object;Ljava/lang/Object;Ljava/lang/Object;Ljava/lang/Object;)Ljava/lang/O
Event: 0.899 Thread 0x0000025ac95ff800 Exception <a 'java/lang/NoSuchMethodError'{0x000000071208fe48}: java.lang.invoke.DirectMethodHandle$Holder.invokeInterface(Ljava/lang/Object;Ljava/lang/Object;Ljava/lang/Object;Ljava/lang/Object;Ljava/lang/Object;)Ljava/lang/Object;> (0x000000071208fe48) 
Event: 0.899 Thread 0x0000025ac95ff800 Exception <a 'java/lang/IncompatibleClassChangeError'{0x00000007120935a0}: Found class java.lang.Object, but interface was expected> (0x00000007120935a0) thrown at [./open/src/hotspot/share/interpreter/linkResolver.cpp, line 838]
Event: 1.241 Thread 0x0000025ac95ff800 Exception <a 'java/lang/ClassNotFoundException'{0x000000070f90b868}: java/lang/ClassLoader$ByteBuddyAccessor$MVc5Jese> (0x000000070f90b868) thrown at [./open/src/hotspot/share/classfile/systemDictionary.cpp, line 227]

Events (10 events):
Event: 965.725 Executing VM operation: GetFrameLocation done
Event: 965.725 Executing VM operation: GetOrSetLocal
Event: 965.725 Executing VM operation: GetOrSetLocal done
Event: 965.725 Executing VM operation: GetFrameLocation
Event: 965.725 Executing VM operation: GetFrameLocation done
Event: 965.725 Executing VM operation: GetOrSetLocal
Event: 965.725 Executing VM operation: GetOrSetLocal done
Event: 965.958 Executing VM operation: GetFrameLocation
Event: 965.958 Executing VM operation: GetFrameLocation done
Event: 965.958 Executing VM operation: GetOrSetLocal


Dynamic libraries:
0x00007ff66f3f0000 - 0x00007ff66f3ff000 	C:\Program Files\Java\jdk-11.0.13\bin\javaw.exe
0x00007ffcd49c0000 - 0x00007ffcd4bc9000 	C:\Windows\SYSTEM32\ntdll.dll
0x00007ffcd40c0000 - 0x00007ffcd417d000 	C:\Windows\System32\KERNEL32.DLL
0x00007ffcd20b0000 - 0x00007ffcd2429000 	C:\Windows\System32\KERNELBASE.dll
0x00007ffcd2610000 - 0x00007ffcd2721000 	C:\Windows\System32\ucrtbase.dll
0x00007ffcbb080000 - 0x00007ffcbb098000 	C:\Program Files\Java\jdk-11.0.13\bin\jli.dll
0x00007ffcc4020000 - 0x00007ffcc4035000 	C:\Program Files\Java\jdk-11.0.13\bin\VCRUNTIME140.dll
0x00007ffcd4550000 - 0x00007ffcd45fe000 	C:\Windows\System32\ADVAPI32.dll
0x00007ffcd4690000 - 0x00007ffcd4733000 	C:\Windows\System32\msvcrt.dll
0x00007ffcd4020000 - 0x00007ffcd40be000 	C:\Windows\System32\sechost.dll
0x00007ffcd43c0000 - 0x00007ffcd44e0000 	C:\Windows\System32\RPCRT4.dll
0x00007ffcd2e30000 - 0x00007ffcd2fdc000 	C:\Windows\System32\USER32.dll
0x00007ffcd1ea0000 - 0x00007ffcd1ec6000 	C:\Windows\System32\win32u.dll
0x00007ffcd4950000 - 0x00007ffcd4979000 	C:\Windows\System32\GDI32.dll
0x00007ffcd2730000 - 0x00007ffcd2842000 	C:\Windows\System32\gdi32full.dll
0x00007ffcac1e0000 - 0x00007ffcac485000 	C:\Windows\WinSxS\amd64_microsoft.windows.common-controls_6595b64144ccf1df_6.0.22000.120_none_9d947278b86cc467\COMCTL32.dll
0x00007ffcd2430000 - 0x00007ffcd24cd000 	C:\Windows\System32\msvcp_win.dll
0x00007ffcc6fa0000 - 0x00007ffcc6faa000 	C:\Windows\SYSTEM32\VERSION.dll
0x00007ffcd2a70000 - 0x00007ffcd2aa1000 	C:\Windows\System32\IMM32.DLL
0x00007ffc8ee60000 - 0x00007ffc8eefb000 	C:\Program Files\Java\jdk-11.0.13\bin\msvcp140.dll
0x00007ffc2d7f0000 - 0x00007ffc2e303000 	C:\Program Files\Java\jdk-11.0.13\bin\server\jvm.dll
0x00007ffcd4600000 - 0x00007ffcd4608000 	C:\Windows\System32\PSAPI.DLL
0x00007ffcadd90000 - 0x00007ffcadd99000 	C:\Windows\SYSTEM32\WSOCK32.dll
0x00007ffcd4610000 - 0x00007ffcd467f000 	C:\Windows\System32\WS2_32.dll
0x00007ffccf5d0000 - 0x00007ffccf603000 	C:\Windows\SYSTEM32\WINMM.dll
0x00007ffcd1090000 - 0x00007ffcd10a8000 	C:\Windows\SYSTEM32\kernel.appcore.dll
0x00007ffcc7040000 - 0x00007ffcc7050000 	C:\Program Files\Java\jdk-11.0.13\bin\verify.dll
0x00007ffccf8e0000 - 0x00007ffccfb01000 	C:\Windows\SYSTEM32\DBGHELP.DLL
0x00007ffccf560000 - 0x00007ffccf591000 	C:\Windows\SYSTEM32\dbgcore.DLL
0x00007ffcd24d0000 - 0x00007ffcd254f000 	C:\Windows\System32\bcryptPrimitives.dll
0x00007ffcb9d00000 - 0x00007ffcb9d28000 	C:\Program Files\Java\jdk-11.0.13\bin\java.dll
0x00007ffcc4ad0000 - 0x00007ffcc4ada000 	C:\Program Files\Java\jdk-11.0.13\bin\jimage.dll
0x00007ffc900a0000 - 0x00007ffc900d8000 	C:\Program Files\Java\jdk-11.0.13\bin\jdwp.dll
0x00007ffcc4010000 - 0x00007ffcc401e000 	C:\Program Files\Java\jdk-11.0.13\bin\instrument.dll
0x00007ffcba3b0000 - 0x00007ffcba3c6000 	C:\Program Files\Java\jdk-11.0.13\bin\zip.dll
0x00007ffcd3860000 - 0x00007ffcd4018000 	C:\Windows\System32\SHELL32.dll
0x00007ffccfe90000 - 0x00007ffcd06f8000 	C:\Windows\SYSTEM32\windows.storage.dll
0x00007ffcd2ab0000 - 0x00007ffcd2e29000 	C:\Windows\System32\combase.dll
0x00007ffccfd20000 - 0x00007ffccfe86000 	C:\Windows\SYSTEM32\wintypes.dll
0x00007ffcd4860000 - 0x00007ffcd494a000 	C:\Windows\System32\SHCORE.dll
0x00007ffcd44f0000 - 0x00007ffcd454d000 	C:\Windows\System32\shlwapi.dll
0x00007ffcd1dd0000 - 0x00007ffcd1df1000 	C:\Windows\SYSTEM32\profapi.dll
0x00007ffcc3f90000 - 0x00007ffcc3f9a000 	C:\Program Files\Java\jdk-11.0.13\bin\dt_socket.dll
0x00007ffcd14c0000 - 0x00007ffcd1527000 	C:\Windows\System32\mswsock.dll
0x00007ffcd0bb0000 - 0x00007ffcd0c98000 	C:\Windows\SYSTEM32\DNSAPI.dll
0x00007ffcd0b80000 - 0x00007ffcd0bad000 	C:\Windows\SYSTEM32\IPHLPAPI.DLL
0x00007ffcd44e0000 - 0x00007ffcd44e9000 	C:\Windows\System32\NSI.dll
0x00007ffcc78b0000 - 0x00007ffcc7931000 	C:\Windows\System32\fwpuclnt.dll
0x00007ffcc8420000 - 0x00007ffcc842a000 	C:\Windows\System32\rasadhlp.dll
0x00007ffcb75a0000 - 0x00007ffcb75b9000 	C:\Program Files\Java\jdk-11.0.13\bin\net.dll
0x00007ffcc9580000 - 0x00007ffcc968c000 	C:\Windows\SYSTEM32\WINHTTP.dll
0x00007ffcad2e0000 - 0x00007ffcad2f2000 	C:\Program Files\Java\jdk-11.0.13\bin\nio.dll

dbghelp: loaded successfully - version: 4.0.5 - missing functions: none
symbol engine: initialized successfully - sym options: 0x614 - pdb path: .;C:\Program Files\Java\jdk-11.0.13\bin;C:\Windows\SYSTEM32;C:\Windows\WinSxS\amd64_microsoft.windows.common-controls_6595b64144ccf1df_6.0.22000.120_none_9d947278b86cc467;C:\Program Files\Java\jdk-11.0.13\bin\server

VM Arguments:
jvm_args: -agentlib:jdwp=transport=dt_socket,suspend=y,address=localhost:64596 -ea -javaagent:C:\Softwares\eclipse\configuration\org.eclipse.osgi\221\0\.cp\lib\javaagent-shaded.jar -Dfile.encoding=UTF-8 
java_command: org.eclipse.jdt.internal.junit.runner.RemoteTestRunner -version 3 -port 64595 -testLoaderClass org.eclipse.jdt.internal.junit5.runner.JUnit5TestLoader -loaderpluginname org.eclipse.jdt.junit5.runtime -classNames com.numpyninja.lms.service.ProgBatchServiceTest
java_class_path (initial): C:\workspace2\LMS_06_16_2022\LMS\target\test-classes;C:\workspace2\LMS_06_16_2022\LMS\target\classes;C:\Users\shent\.m2\repository\org\springframework\boot\spring-boot-starter-data-jdbc\2.5.5\spring-boot-starter-data-jdbc-2.5.5.jar;C:\Users\shent\.m2\repository\org\springframework\boot\spring-boot-starter-jdbc\2.5.5\spring-boot-starter-jdbc-2.5.5.jar;C:\Users\shent\.m2\repository\com\zaxxer\HikariCP\4.0.3\HikariCP-4.0.3.jar;C:\Users\shent\.m2\repository\org\springframework\spring-jdbc\5.3.10\spring-jdbc-5.3.10.jar;C:\Users\shent\.m2\repository\org\springframework\data\spring-data-jdbc\2.2.5\spring-data-jdbc-2.2.5.jar;C:\Users\shent\.m2\repository\org\springframework\data\spring-data-relational\2.2.5\spring-data-relational-2.2.5.jar;C:\Users\shent\.m2\repository\org\springframework\data\spring-data-commons\2.5.5\spring-data-commons-2.5.5.jar;C:\Users\shent\.m2\repository\org\springframework\spring-tx\5.3.10\spring-tx-5.3.10.jar;C:\Users\shent\.m2\repository\org\springframework\spring-context\5.3.10\spring-context-5.3.10.jar;C:\Users\shent\.m2\repository\org\springframework\spring-beans\5.3.10\spring-beans-5.3.10.jar;C:\Users\shent\.m2\repository\io\springfox\springfox-swagger2\3.0.0\springfox-swagger2-3.0.0.jar;C:\Users\shent\.m2\repository\io\springfox\springfox-spi\3.0.0\springfox-spi-3.0.0.jar;C:\Users\shent\.m2\repository\io\springfox\springfox-core\3.0.0\springfox-core-3.0.0.jar;C:\Users\shent\.m2\repository\io\springfox\springfox-schema\3.0.0\springfox-schema-3.0.0.jar;C:\Users\shent\.m2\repository\io\springfox\springfox-swagger-common\3.0.0\springfox-swagger-common-3.0.0.jar;C:\Users\shent\.m2\repository\io\swagger\core\v3\swagger-annotations\2.1.2\swagger-annotations-2.1.2.jar;C:\Users\shent\.m2\repository\io\springfox\springfox-spring-web\3.0.0\springfox-spring-web-3.0.0.jar;C:\Users\shent\.m2\repository\io\github\classgraph\classgraph\4.8.83\classgraph-4.8.83.jar;C:\Users\shent\.m2\repository\io\springfox\springfox-spring-webmvc
Launcher Type: SUN_STANDARD

[Global flags]
     intx CICompilerCount                          = 4                                         {product} {ergonomic}
     uint ConcGCThreads                            = 2                                         {product} {ergonomic}
     uint G1ConcRefinementThreads                  = 8                                         {product} {ergonomic}
   size_t G1HeapRegionSize                         = 1048576                                   {product} {ergonomic}
    uintx GCDrainStackTargetSize                   = 64                                        {product} {ergonomic}
   size_t InitialHeapSize                          = 264241152                                 {product} {ergonomic}
   size_t MarkStackSize                            = 4194304                                   {product} {ergonomic}
   size_t MaxHeapSize                              = 4227858432                                {product} {ergonomic}
   size_t MaxNewSize                               = 2536505344                                {product} {ergonomic}
   size_t MinHeapDeltaBytes                        = 1048576                                   {product} {ergonomic}
    uintx NonNMethodCodeHeapSize                   = 5836300                                {pd product} {ergonomic}
    uintx NonProfiledCodeHeapSize                  = 122910970                              {pd product} {ergonomic}
    uintx ProfiledCodeHeapSize                     = 122910970                              {pd product} {ergonomic}
    uintx ReservedCodeCacheSize                    = 251658240                              {pd product} {ergonomic}
     bool SegmentedCodeCache                       = true                                      {product} {ergonomic}
     bool UseCompressedClassPointers               = true                                 {lp64_product} {ergonomic}
     bool UseCompressedOops                        = true                                 {lp64_product} {ergonomic}
     bool UseG1GC                                  = true                                      {product} {ergonomic}
     bool UseLargePagesIndividualAllocation        = false                                  {pd product} {ergonomic}

Logging:
Log output configuration:
 #0: stdout all=warning uptime,level,tags
 #1: stderr all=off uptime,level,tags

Environment Variables:
JAVA_HOME=C:\Program Files\Java\jdk-17.0.1
PATH=C:\app\shent\product\21c\dbhomeXE\bin;C:\Program Files\Common Files\Oracle\Java\javapath;C:\Windows\system32;C:\Windows;C:\Windows\System32\Wbem;C:\Windows\System32\WindowsPowerShell\v1.0\;C:\Windows\System32\OpenSSH\;C:\Softwares\apache-maven-3.8.4\bin;C:\Program Files\Java\jdk-17.0.1\bin;C:\Softwares\apache-maven-3.8.4\bin;C:\Softwares\allure-commandline-2.14.0\allure-2.14.0\bin;C:\Program Files\Git\cmd;C:\Program Files\dotnet\;C:\Users\shent\AppData\Local\Microsoft\WindowsApps;C:\Users\shent\AppData\Local\GitHubDesktop\bin
USERNAME=shent
OS=Windows_NT
PROCESSOR_IDENTIFIER=Intel64 Family 6 Model 140 Stepping 2, GenuineIntel



---------------  S Y S T E M  ---------------

OS: Windows 10 , 64 bit Build 22000 (10.0.22000.708)

CPU:total 8 (initial active 8) (4 cores per cpu, 2 threads per core) family 6 model 140 stepping 2 microcode 0x16, cmov, cx8, fxsr, mmx, sse, sse2, sse3, ssse3, sse4.1, sse4.2, popcnt, avx, avx2, aes, clmul, erms, 3dnowpref, lzcnt, ht, tsc, tscinvbit, bmi1, bmi2, adx, evex, sha, fma

Memory: 4k page, system-wide physical 16122M (1302M free)
TotalPageFile size 30970M (AvailPageFile size 3779M)
current process WorkingSet (physical memory assigned to process): 195M, peak: 272M
current process commit charge ("private bytes"): 370M, peak: 447M

vm_info: Java HotSpot(TM) 64-Bit Server VM (11.0.13+10-LTS-370) for windows-amd64 JRE (11.0.13+10-LTS-370), built on Sep 15 2021 22:10:36 by "mach5one" with MS VC++ 15.9 (VS2017)

END.
